Build started 15/06/2015 01:58:31 p.m..
     1>Project "C:\Users\Daniel\Documents\GitHub\LabLista\LabLista\LabLista.vcxproj" on node 2 (Build target(s)).
     1>ClCompile:
         C:\Archivos de programa\Microsoft Visual Studio 2013\VC\bin\CL.exe /c /ZI /nologo /W3 /WX- /sdl /Od /Oy- /D WIN32 /D _DEBUG /D _CONSOLE /D _LIB /D _UNICODE /D UNICODE /Gm /EHsc /RTC1 /MDd /GS /fp:precise /Zc:wchar_t /Zc:forScope /Yc"stdafx.h" /Fp"Debug\LabLista.pch" /Fo"Debug\\" /Fd"Debug\vc120.pdb" /Gd /TP /analyze- /errorReport:prompt stdafx.cpp
         stdafx.cpp
         C:\Archivos de programa\Microsoft Visual Studio 2013\VC\bin\CL.exe /c /ZI /nologo /W3 /WX- /sdl /Od /Oy- /D WIN32 /D _DEBUG /D _CONSOLE /D _LIB /D _UNICODE /D UNICODE /Gm /EHsc /RTC1 /MDd /GS /fp:precise /Zc:wchar_t /Zc:forScope /Yu"stdafx.h" /Fp"Debug\LabLista.pch" /Fo"Debug\\" /Fd"Debug\vc120.pdb" /Gd /TP /analyze- /errorReport:prompt Elemento.cpp ElementoDouble.cpp ElementoInt.cpp ElementoIntInt.cpp ElementoPersona.cpp Lista.cpp LabLista.cpp Persona.cpp
         Persona.cpp
         LabLista.cpp
         Lista.cpp
         ElementoPersona.cpp
         ElementoIntInt.cpp
         ElementoInt.cpp
         ElementoDouble.cpp
         Elemento.cpp
         Generating Code...
       Link:
         C:\Archivos de programa\Microsoft Visual Studio 2013\VC\bin\link.exe /ERRORREPORT:PROMPT /OUT:"C:\Users\Daniel\Documents\GitHub\LabLista\LabLista\Debug\LabLista.exe" /INCREMENTAL /NOLOGO kernel32.lib user32.lib gdi32.lib winspool.lib comdlg32.lib advapi32.lib shell32.lib ole32.lib oleaut32.lib uuid.lib odbc32.lib odbccp32.lib /MANIFEST /MANIFESTUAC:"level='asInvoker' uiAccess='false'" /manifest:embed /DEBUG /PDB:"C:\Users\Daniel\Documents\GitHub\LabLista\LabLista\Debug\LabLista.pdb" /SUBSYSTEM:CONSOLE /TLBID:1 /DYNAMICBASE /NXCOMPAT /IMPLIB:"C:\Users\Daniel\Documents\GitHub\LabLista\LabLista\Debug\LabLista.lib" /MACHINE:X86 Debug\Elemento.obj
         Debug\ElementoDouble.obj
         Debug\ElementoInt.obj
         Debug\ElementoIntInt.obj
         Debug\ElementoPersona.obj
         Debug\Lista.obj
         Debug\LabLista.obj
         Debug\Persona.obj
         Debug\stdafx.obj
         LabLista.vcxproj -> C:\Users\Daniel\Documents\GitHub\LabLista\LabLista\Debug\LabLista.exe
     1>Done Building Project "C:\Users\Daniel\Documents\GitHub\LabLista\LabLista\LabLista.vcxproj" (Build target(s)).

Build succeeded.

Time Elapsed 00:00:38.13
